<?xml version="1.0" encoding="UTF-8"?>
<!-- Generated by org.testng.reporters.JUnitReportReporter -->
<testsuite hostname="LAPTOP-9QL5EV9U" failures="0" tests="1" name="autos.Homepage" time="65.786" errors="0" timestamp="07 Dec 2018 15:06:08 GMT" skipped="0">
  <testcase classname="autos.Homepage" name="home" time="65.786"/>
</testsuite> <!-- autos.Homepage -->
